<?xml version="1.0" encoding="UTF-8"?>
<!-- Generated by org.testng.reporters.JUnitReportReporter -->
<testsuite hostname="NARMA13" name="com.psl.testng.testNGCase" tests="4" failures="0" timestamp="23 Mar 2017 15:48:06 GMT" time="0.002" errors="0">
  <testcase name="testList1Empty" time="0.001" classname="com.psl.testng.testNGCase"/>
  <testcase name="testListEmpty" time="0.000" classname="com.psl.testng.testNGCase"/>
  <testcase name="testList1NotEmpty" time="0.001" classname="com.psl.testng.testNGCase"/>
  <testcase name="testListNotEmpty" time="0.000" classname="com.psl.testng.testNGCase"/>
</testsuite>
