<?xml version="1.0" encoding="UTF-8"?>
<!-- Generated by org.testng.reporters.JUnitReportReporter -->
<testsuite hostname="NARMA13" name="com.psl.testng.LoginCase" tests="5" failures="0" timestamp="23 Mar 2017 15:48:06 GMT" time="0.009" errors="0">
  <testcase name="testValidUser" time="0.000" classname="com.psl.testng.LoginCase"/>
  <testcase name="testSplCharPwd" time="0.000" classname="com.psl.testng.LoginCase"/>
  <testcase name="testBlankPwd" time="0.008" classname="com.psl.testng.LoginCase"/>
  <testcase name="testBlankUser" time="0.000" classname="com.psl.testng.LoginCase"/>
  <testcase name="testSplCharUser" time="0.001" classname="com.psl.testng.LoginCase"/>
</testsuite>
