<?xml version="1.0" encoding="UTF-8"?>
<!-- Generated by org.testng.reporters.JUnitReportReporter -->
<testsuite hostname="NARMA13" name="com.psl.testng.AddInvDtlsCase" tests="4" failures="0" timestamp="23 Mar 2017 15:48:06 GMT" time="0.214" errors="0">
  <testcase name="testSplChar" time="0.000" classname="com.psl.testng.AddInvDtlsCase"/>
  <testcase name="testBlankFields" time="0.214" classname="com.psl.testng.AddInvDtlsCase"/>
  <testcase name="testPriceRange" time="0.000" classname="com.psl.testng.AddInvDtlsCase"/>
  <testcase name="testForValidFields" time="0.000" classname="com.psl.testng.AddInvDtlsCase"/>
</testsuite>
